<?xml version="1.0" encoding="UTF-8"?>
<!-- Generated by org.testng.reporters.JUnitReportReporter -->
<testsuite hostname="D-113194529" failures="0" tests="3" name="TestNGListenersScripts.TestNGListenersDemo3" time="0.008" errors="0" timestamp="25 Apr 2020 14:13:20 GMT" skipped="0">
  <testcase classname="TestNGListenersScripts.TestNGListenersDemo3" name="Test9" time="0.003"/>
  <testcase classname="TestNGListenersScripts.TestNGListenersDemo3" name="Test7" time="0.003"/>
  <testcase classname="TestNGListenersScripts.TestNGListenersDemo3" name="Test8" time="0.002"/>
</testsuite> <!-- TestNGListenersScripts.TestNGListenersDemo3 -->
