<?xml version="1.0" encoding="UTF-8"?>
<!-- Generated by org.testng.reporters.JUnitReportReporter -->
<testsuite hostname="D-113194529" failures="0" tests="3" name="utils.ExcelDataProviderFunction" time="11.138" errors="0" timestamp="25 Apr 2020 11:39:09 GMT" skipped="0">
  <testcase classname="utils.ExcelDataProviderFunction" name="test1" time="2.819"/>
  <testcase classname="utils.ExcelDataProviderFunction" name="test1" time="2.766"/>
  <testcase classname="utils.ExcelDataProviderFunction" name="test1" time="5.553"/>
</testsuite> <!-- utils.ExcelDataProviderFunction -->
