<?xml version="1.0" encoding="UTF-8"?>
<!-- Generated by org.testng.reporters.JUnitReportReporter -->
<testsuite hostname="D-113194529" failures="0" tests="4" name="TestNGGroupsDemoPackage.DefinegroupsAtClassLevel1" time="0.012" errors="0" timestamp="28 Apr 2020 07:12:57 GMT" skipped="0">
  <testcase classname="TestNGGroupsDemoPackage.DefinegroupsAtClassLevel1" name="test11" time="0.008"/>
  <testcase classname="TestNGGroupsDemoPackage.DefinegroupsAtClassLevel1" name="test14" time="0.001"/>
  <testcase classname="TestNGGroupsDemoPackage.DefinegroupsAtClassLevel1" name="test13" time="0.002"/>
  <testcase classname="TestNGGroupsDemoPackage.DefinegroupsAtClassLevel1" name="test12" time="0.001"/>
</testsuite> <!-- TestNGGroupsDemoPackage.DefinegroupsAtClassLevel1 -->
