<?xml version="1.0" encoding="UTF-8"?>
<!-- Generated by org.testng.reporters.JUnitReportReporter -->
<testsuite hostname="D-113194529" failures="0" tests="3" name="TestNGIgnoreTestDemo.IgnoreTestDemo" time="0.021" errors="0" timestamp="28 Apr 2020 11:07:06 GMT" skipped="1">
  <testcase classname="TestNGIgnoreTestDemo.IgnoreTestDemo" name="test2" time="0.019"/>
  <testcase classname="TestNGIgnoreTestDemo.IgnoreTestDemo" name="test3" time="0.002"/>
  <testcase classname="TestNGIgnoreTestDemo.IgnoreTestDemo" name="test1">
    <skipped/>
  </testcase> <!-- test1 -->
</testsuite> <!-- TestNGIgnoreTestDemo.IgnoreTestDemo -->
