<?xml version="1.0" encoding="UTF-8"?>
<!-- Generated by org.testng.reporters.JUnitReportReporter -->
<testsuite hostname="D-113194529" failures="0" tests="3" name="TestNGListenersScripts.TestNGListenersDemo" time="0.015" errors="0" timestamp="25 Apr 2020 14:13:20 GMT" skipped="0">
  <testcase classname="TestNGListenersScripts.TestNGListenersDemo" name="Test3" time="0.002"/>
  <testcase classname="TestNGListenersScripts.TestNGListenersDemo" name="Test2" time="0.002"/>
  <testcase classname="TestNGListenersScripts.TestNGListenersDemo" name="Test1" time="0.011"/>
</testsuite> <!-- TestNGListenersScripts.TestNGListenersDemo -->
