<?xml version="1.0" encoding="UTF-8"?>
<!-- Generated by org.testng.reporters.JUnitReportReporter -->
<testsuite hostname="D-113194529" failures="0" tests="3" name="TestNgDependenciesDemo.TestNGDependenciesWithGrouping" time="0.019" errors="0" timestamp="28 Apr 2020 09:24:44 GMT" skipped="0">
  <testcase classname="TestNgDependenciesDemo.TestNGDependenciesWithGrouping" name="test1" time="0.001"/>
  <testcase classname="TestNgDependenciesDemo.TestNGDependenciesWithGrouping" name="test3" time="0.016"/>
  <testcase classname="TestNgDependenciesDemo.TestNGDependenciesWithGrouping" name="test2" time="0.002"/>
</testsuite> <!-- TestNgDependenciesDemo.TestNGDependenciesWithGrouping -->
