<?xml version="1.0" encoding="UTF-8"?>
<!-- Generated by org.testng.reporters.JUnitReportReporter -->
<testsuite hostname="D-113194529" failures="0" tests="4" name="TestNGGroupsDemoPackage.DefinegroupsAtClassLevel2" time="0.005" errors="0" timestamp="28 Apr 2020 07:12:57 GMT" skipped="0">
  <testcase classname="TestNGGroupsDemoPackage.DefinegroupsAtClassLevel2" name="test24" time="0.001"/>
  <testcase classname="TestNGGroupsDemoPackage.DefinegroupsAtClassLevel2" name="test22" time="0.002"/>
  <testcase classname="TestNGGroupsDemoPackage.DefinegroupsAtClassLevel2" name="test23" time="0.001"/>
  <testcase classname="TestNGGroupsDemoPackage.DefinegroupsAtClassLevel2" name="test21" time="0.001"/>
</testsuite> <!-- TestNGGroupsDemoPackage.DefinegroupsAtClassLevel2 -->
