<?xml version="1.0" encoding="UTF-8"?>
<!-- Generated by org.testng.reporters.JUnitReportReporter -->
<testsuite hostname="D-113194529" failures="0" tests="3" name="PriorityDemo.TestNGPriorityDemo" time="0.012" errors="0" timestamp="27 Apr 2020 14:54:41 GMT" skipped="0">
  <testcase classname="PriorityDemo.TestNGPriorityDemo" name="One" time="0.010"/>
  <testcase classname="PriorityDemo.TestNGPriorityDemo" name="Owo" time="0.001"/>
  <testcase classname="PriorityDemo.TestNGPriorityDemo" name="Three" time="0.001"/>
</testsuite> <!-- PriorityDemo.TestNGPriorityDemo -->
