<?xml version="1.0" encoding="UTF-8"?>
<!-- Generated by org.testng.reporters.JUnitReportReporter -->
<testsuite hostname="D-113194529" failures="0" tests="3" name="TestNgDependenciesDemo.TestNGDependencies" time="0.018" errors="0" timestamp="28 Apr 2020 09:17:31 GMT" skipped="0">
  <testcase classname="TestNgDependenciesDemo.TestNGDependencies" name="test3" time="0.002"/>
  <testcase classname="TestNgDependenciesDemo.TestNGDependencies" name="test1" time="0.002"/>
  <testcase classname="TestNgDependenciesDemo.TestNGDependencies" name="test2" time="0.014"/>
</testsuite> <!-- TestNgDependenciesDemo.TestNGDependencies -->
