<?xml version="1.0" encoding="UTF-8"?>
<!-- Generated by org.testng.reporters.JUnitReportReporter -->
<testsuite hostname="D-113194529" failures="0" tests="1" name="ScriptTests.TestNGDemo2" time="11.312" errors="0" timestamp="20 Apr 2020 05:21:37 GMT" skipped="0">
  <testcase classname="ScriptTests.TestNGDemo2" name="GoogleSearchTestscript2" time="11.312"/>
</testsuite> <!-- ScriptTests.TestNGDemo2 -->
