<?xml version="1.0" encoding="UTF-8"?>
<!-- Generated by org.testng.reporters.JUnitReportReporter -->
<testsuite hostname="D-113194529" failures="0" tests="2" name="ScriptTests.ExtentReportDemoWithTestNG" time="8.907" errors="0" timestamp="20 Apr 2020 12:07:19 GMT" skipped="0">
  <testcase classname="ScriptTests.ExtentReportDemoWithTestNG" name="test1" time="3.712"/>
  <testcase classname="ScriptTests.ExtentReportDemoWithTestNG" name="test2" time="5.195"/>
</testsuite> <!-- ScriptTests.ExtentReportDemoWithTestNG -->
