<?xml version="1.0" encoding="UTF-8"?>
<!-- Generated by org.testng.reporters.JUnitReportReporter -->
<testsuite hostname="D-113194529" failures="0" tests="1" name="Parameterization.TestNGParametersDemo" time="0.011" errors="0" timestamp="28 Apr 2020 08:17:36 GMT" skipped="0">
  <testcase classname="Parameterization.TestNGParametersDemo" name="test" time="0.011"/>
</testsuite> <!-- Parameterization.TestNGParametersDemo -->
