<?xml version="1.0" encoding="UTF-8"?>
<!-- Generated by org.testng.reporters.JUnitReportReporter -->
<testsuite hostname="D-113194529" failures="0" tests="3" name="TestNGListenersScripts.TestNGListenersDemo2" time="7.923" errors="0" timestamp="27 Apr 2020 07:04:01 GMT" skipped="0">
  <testcase classname="TestNGListenersScripts.TestNGListenersDemo2" name="Test6" time="0.001"/>
  <testcase classname="TestNGListenersScripts.TestNGListenersDemo2" name="Test5" time="7.913"/>
  <testcase classname="TestNGListenersScripts.TestNGListenersDemo2" name="Test4" time="0.009"/>
</testsuite> <!-- TestNGListenersScripts.TestNGListenersDemo2 -->
