<?xml version="1.0" encoding="UTF-8"?>
<!-- Generated by org.testng.reporters.JUnitReportReporter -->
<testsuite hostname="D-113194529" failures="0" tests="1" name="ScriptTests.TestNGDemo" time="2.941" errors="0" timestamp="24 Apr 2020 08:37:24 GMT" skipped="0">
  <testcase classname="ScriptTests.TestNGDemo" name="GoogleSearchTestscript" time="2.941"/>
</testsuite> <!-- ScriptTests.TestNGDemo -->
