<?xml version="1.0" encoding="UTF-8"?>
<!-- Generated by org.testng.reporters.JUnitReportReporter -->
<testsuite hostname="D-113194529" failures="0" tests="1" name="TestNGGroupsDemoPackage.TestNGGroupDemo" time="0.011" errors="0" timestamp="28 Apr 2020 06:00:39 GMT" skipped="0">
  <testcase classname="TestNGGroupsDemoPackage.TestNGGroupDemo" name="test2" time="0.011"/>
</testsuite> <!-- TestNGGroupsDemoPackage.TestNGGroupDemo -->
